TN:
SF:script/Deploy.s.sol
DA:19,0
FN:19,Deploy.run
FNDA:0,Deploy.run
DA:20,0
DA:21,0
DA:22,0
DA:24,0
DA:25,0
DA:26,0
DA:35,0
DA:37,0
DA:38,0
DA:39,0
DA:42,0
FN:42,Deploy._networkLabel
FNDA:0,Deploy._networkLabel
DA:43,0
BRDA:43,0,0,-
DA:44,0
BRDA:44,1,0,-
DA:45,0
BRDA:45,2,0,-
DA:46,0
FNF:2
FNH:0
LF:16
LH:0
BRF:3
BRH:0
end_of_record
TN:
SF:script/Verify.s.sol
DA:11,0
FN:11,Verify.run
FNDA:0,Verify.run
DA:12,0
DA:13,0
DA:14,0
DA:15,0
DA:17,0
DA:18,0
DA:29,0
FN:29,Verify._networkLabel
FNDA:0,Verify._networkLabel
DA:30,0
BRDA:30,0,0,-
DA:31,0
BRDA:31,1,0,-
DA:32,0
FNF:2
FNH:0
LF:11
LH:0
BRF:2
BRH:0
end_of_record
TN:
SF:src/ProductRegistry.sol
DA:80,83534
FN:80,ProductRegistry.registerProject
FNDA:83534,ProductRegistry.registerProject
DA:81,1
BRDA:81,0,0,1
DA:82,83533
DA:83,83533
DA:87,85713
FN:87,ProductRegistry.registerBatch
FNDA:85713,ProductRegistry.registerBatch
DA:88,85713
DA:89,85713
BRDA:89,1,0,1
DA:90,85712
BRDA:90,2,0,1
DA:91,1
DA:94,85711
DA:95,85711
BRDA:95,3,0,1
DA:96,85710
BRDA:96,4,0,1
DA:98,85709
DA:99,85709
DA:100,86319
DA:101,2
BRDA:101,5,0,2
DA:102,86317
DA:105,85707
DA:113,47172
FN:113,ProductRegistry.redeemProduct
FNDA:47172,ProductRegistry.redeemProduct
DA:114,47172
DA:115,47172
BRDA:115,6,0,257
DA:121,46915
DA:123,46915
DA:124,46915
BRDA:124,7,0,45873
DA:125,257
BRDA:125,8,0,257
DA:127,785
DA:131,785
DA:134,785
DA:142,528
FN:142,ProductRegistry.verifyProduct
FNDA:528,ProductRegistry.verifyProduct
DA:146,528
DA:147,528
DA:148,528
DA:152,9
FN:152,ProductRegistry.projectExists
FNDA:9,ProductRegistry.projectExists
DA:153,9
FNF:5
FNH:5
LF:34
LH:34
BRF:9
BRH:9
end_of_record
TN:
SF:test/fixtures/ProductRegistryFixture.sol
DA:45,40
FN:45,ProductRegistryFixture._deployFixture
FNDA:40,ProductRegistryFixture._deployFixture
DA:46,40
DA:47,40
DA:48,40
DA:49,40
DA:51,40
DA:52,40
DA:62,782
FN:62,ProductRegistryFixture._singleHash
FNDA:782,ProductRegistryFixture._singleHash
DA:63,782
DA:64,782
DA:65,782
DA:71,12
FN:71,ProductRegistryFixture._hashSid
FNDA:12,ProductRegistryFixture._hashSid
DA:72,12
DA:77,5
FN:77,ProductRegistryFixture._seedProductForRedeem
FNDA:5,ProductRegistryFixture._seedProductForRedeem
DA:78,5
DA:79,5
DA:80,5
DA:81,5
DA:82,5
FNF:4
FNH:4
LF:19
LH:19
BRF:0
BRH:0
end_of_record
TN:
SF:test/invariants/RegistryInvariants.t.sol
DA:35,2
FN:35,RegistryInvariantsHandler.constructor
FNDA:2,RegistryInvariantsHandler.constructor
DA:36,2
DA:37,2
DA:40,85350
FN:40,RegistryInvariantsHandler.registerProject
FNDA:85350,RegistryInvariantsHandler.registerProject
DA:41,85350
BRDA:41,0,0,85350
DA:42,82475
DA:43,82475
DA:45,82475
DA:46,82475
DA:49,86034
FN:49,RegistryInvariantsHandler.registerBatch
FNDA:86034,RegistryInvariantsHandler.registerBatch
DA:50,86034
BRDA:50,1,0,86034
DA:51,85448
DA:52,85448
BRDA:52,2,0,514
DA:54,84934
DA:55,10
BRDA:55,3,0,10
DA:56,84924
DA:57,84924
DA:59,84924
DA:60,84924
DA:61,84924
DA:62,84924
DA:65,85616
FN:65,RegistryInvariantsHandler.redeemProduct
FNDA:85616,RegistryInvariantsHandler.redeemProduct
DA:66,85616
BRDA:66,4,0,85616
DA:67,85050
DA:68,85050
DA:69,85050
BRDA:69,5,0,39375
DA:70,45675
BRDA:70,6,0,305
DA:74,45370
DA:75,45370
DA:77,45370
BRDA:77,7,0,7
BRDA:77,7,1,45363
DA:79,7
BRDA:79,8,0,7
DA:80,7
DA:81,7
BRDA:81,9,0,7
DA:82,7
DA:83,7
DA:84,7
DA:91,45363
BRDA:91,10,0,45363
DA:93,5
DA:94,5
DA:95,5
DA:96,5
DA:101,0
FN:101,RegistryInvariantsHandler.redeemedKeysLength
FNDA:0,RegistryInvariantsHandler.redeemedKeysLength
DA:102,0
FNF:5
FNH:4
LF:43
LH:41
BRF:12
BRH:12
end_of_record
